Build started 2016-03-21 15:59:21.
     1>Project "c:\Users\beer1595\documents\visual studio 2013\Projects\kompositor_v2\kompositor_v2\kompositor_v2.vcxproj" on node 2 (Build target(s)).
     1>CustomBuild:
         Moc'ing kompositor_v2.h...
         Uic'ing kompositor_v2.ui...
         Rcc'ing kompositor_v2.qrc...
     1>RCC : warning : No resources in 'c:\Users\beer1595\documents\visual studio 2013\Projects\kompositor_v2\kompositor_v2\kompositor_v2.qrc'.
         
     1>C:\Program Files (x86)\MSBuild\Microsoft.Cpp\v4.0\V120\Microsoft.CppBuild.targets(935,5): warning MSB8027: Two or more files with the name of moc_kompositor_v2.cpp will produce outputs to the same location. This can lead to an incorrect build result.  The files involved are GeneratedFiles\Debug\moc_kompositor_v2.cpp, GeneratedFiles\Release\moc_kompositor_v2.cpp.
       ClCompile:
         C:\Program Files (x86)\Microsoft Visual Studio 12.0\VC\bin\CL.exe /c /I.\GeneratedFiles /I. /IC:\Qt\Qt5.5.1\5.5\msvc2013\include /I.\GeneratedFiles\Debug /IC:\Qt\Qt5.5.1\5.5\msvc2013\include\QtCore /IC:\Qt\Qt5.5.1\5.5\msvc2013\include\QtGui /IC:\Qt\Qt5.5.1\5.5\msvc2013\include\QtWidgets /Zi /nologo /W1 /WX- /Od /Oy- /D UNICODE /D WIN32 /D WIN64 /D QT_DLL /D QT_CORE_LIB /D QT_GUI_LIB /D QT_WIDGETS_LIB /Gm- /EHsc /MDd /GS /fp:precise /Zc:wchar_t /Zc:forScope /Fo"Debug\\" /Fd"Debug\vc120.pdb" /Gd /TP /analyze- /errorReport:prompt GeneratedFiles\Debug\moc_kompositor_v2.cpp kompositor_v2.cpp main.cpp
         moc_kompositor_v2.cpp
         kompositor_v2.cpp
         main.cpp
         Generating Code...
         C:\Program Files (x86)\Microsoft Visual Studio 12.0\VC\bin\CL.exe /c /I.\GeneratedFiles /I. /IC:\Qt\Qt5.5.1\5.5\msvc2013\include /I.\GeneratedFiles\Debug /IC:\Qt\Qt5.5.1\5.5\msvc2013\include\QtCore /IC:\Qt\Qt5.5.1\5.5\msvc2013\include\QtGui /IC:\Qt\Qt5.5.1\5.5\msvc2013\include\QtWidgets /Zi /nologo /W1 /WX- /Od /Oy- /D UNICODE /D WIN32 /D WIN64 /D QT_DLL /D QT_CORE_LIB /D QT_GUI_LIB /D QT_WIDGETS_LIB /Gm- /EHsc /MDd /GS /fp:precise /Zc:wchar_t /Zc:forScope /Fo"Debug\\" /Fd"Debug\vc120.pdb" /Gd /TP /analyze- /errorReport:prompt GeneratedFiles\qrc_kompositor_v2.cpp
         qrc_kompositor_v2.cpp
       Link:
         C:\Program Files (x86)\Microsoft Visual Studio 12.0\VC\bin\link.exe /ERRORREPORT:PROMPT /OUT:"c:\users\beer1595\documents\visual studio 2013\Projects\kompositor_v2\Win32\Debug\\kompositor_v2.exe" /NOLOGO /LIBPATH:C:\Qt\Qt5.5.1\5.5\msvc2013\lib qtmaind.lib Qt5Cored.lib Qt5Guid.lib Qt5Widgetsd.lib kernel32.lib user32.lib gdi32.lib winspool.lib comdlg32.lib advapi32.lib shell32.lib ole32.lib oleaut32.lib uuid.lib odbc32.lib odbccp32.lib /MANIFEST /MANIFESTUAC:"level='asInvoker' uiAccess='false'" /manifest:embed /DEBUG /PDB:"c:\users\beer1595\documents\visual studio 2013\Projects\kompositor_v2\Win32\Debug\kompositor_v2.pdb" /SUBSYSTEM:WINDOWS /TLBID:1 /DYNAMICBASE /NXCOMPAT /IMPLIB:"c:\users\beer1595\documents\visual studio 2013\Projects\kompositor_v2\Win32\Debug\kompositor_v2.lib" /MACHINE:X86 /SAFESEH Debug\moc_kompositor_v2.obj
         Debug\qrc_kompositor_v2.obj
         Debug\kompositor_v2.obj
         Debug\main.obj
         kompositor_v2.vcxproj -> c:\users\beer1595\documents\visual studio 2013\Projects\kompositor_v2\Win32\Debug\kompositor_v2.exe
     1>Done Building Project "c:\Users\beer1595\documents\visual studio 2013\Projects\kompositor_v2\kompositor_v2\kompositor_v2.vcxproj" (Build target(s)).

Build succeeded.

Time Elapsed 00:00:09.31
